  main.cpp
c:\users\jorda_000\skydrive\programmieren\c++\buch\kapitel 1 bis 5\kapitel5 error\kapitel5\main.cpp(33): warning C4018: "<": Konflikt zwischen "signed" und "unsigned"
c:\users\jorda_000\skydrive\programmieren\c++\buch\kapitel 1 bis 5\kapitel5 error\kapitel5\main.cpp(44): warning C4244: "Argument": Konvertierung von "time_t" in "unsigned int", möglicher Datenverlust
c:\users\jorda_000\skydrive\programmieren\c++\buch\kapitel 1 bis 5\kapitel5 error\kapitel5\main.cpp(73): error C2065: "tempGuess": nichtdeklarierter Bezeichner
c:\users\jorda_000\skydrive\programmieren\c++\buch\kapitel 1 bis 5\kapitel5 error\kapitel5\main.cpp(74): error C2065: "tempGuess": nichtdeklarierter Bezeichner
c:\users\jorda_000\skydrive\programmieren\c++\buch\kapitel 1 bis 5\kapitel5 error\kapitel5\main.cpp(81): error C2065: "tempGuess": nichtdeklarierter Bezeichner
c:\users\jorda_000\skydrive\programmieren\c++\buch\kapitel 1 bis 5\kapitel5 error\kapitel5\main.cpp(82): error C2065: "tempGuess": nichtdeklarierter Bezeichner
c:\users\jorda_000\skydrive\programmieren\c++\buch\kapitel 1 bis 5\kapitel5 error\kapitel5\main.cpp(83): error C2065: "tempGuess": nichtdeklarierter Bezeichner
c:\users\jorda_000\skydrive\programmieren\c++\buch\kapitel 1 bis 5\kapitel5 error\kapitel5\main.cpp(84): error C2065: "tempGuess": nichtdeklarierter Bezeichner
c:\users\jorda_000\skydrive\programmieren\c++\buch\kapitel 1 bis 5\kapitel5 error\kapitel5\main.cpp(85): error C2065: "gold": nichtdeklarierter Bezeichner
c:\users\jorda_000\skydrive\programmieren\c++\buch\kapitel 1 bis 5\kapitel5 error\kapitel5\main.cpp(86): error C2065: "cow": nichtdeklarierter Bezeichner
c:\users\jorda_000\skydrive\programmieren\c++\buch\kapitel 1 bis 5\kapitel5 error\kapitel5\main.cpp(90): error C2065: "randArray": nichtdeklarierter Bezeichner
c:\users\jorda_000\skydrive\programmieren\c++\buch\kapitel 1 bis 5\kapitel5 error\kapitel5\main.cpp(90): error C2065: "gold": nichtdeklarierter Bezeichner
c:\users\jorda_000\skydrive\programmieren\c++\buch\kapitel 1 bis 5\kapitel5 error\kapitel5\main.cpp(93): error C2065: "randArray": nichtdeklarierter Bezeichner
c:\users\jorda_000\skydrive\programmieren\c++\buch\kapitel 1 bis 5\kapitel5 error\kapitel5\main.cpp(93): error C2065: "cow": nichtdeklarierter Bezeichner
c:\users\jorda_000\skydrive\programmieren\c++\buch\kapitel 1 bis 5\kapitel5 error\kapitel5\main.cpp(96): error C2065: "cow": nichtdeklarierter Bezeichner
c:\users\jorda_000\skydrive\programmieren\c++\buch\kapitel 1 bis 5\kapitel5 error\kapitel5\main.cpp(96): error C2065: "gold": nichtdeklarierter Bezeichner
c:\users\jorda_000\skydrive\programmieren\c++\buch\kapitel 1 bis 5\kapitel5 error\kapitel5\main.cpp(98): error C2065: "gold": nichtdeklarierter Bezeichner
c:\users\jorda_000\skydrive\programmieren\c++\buch\kapitel 1 bis 5\kapitel5 error\kapitel5\main.cpp(103): error C2065: "tempGuess": nichtdeklarierter Bezeichner
c:\users\jorda_000\skydrive\programmieren\c++\buch\kapitel 1 bis 5\kapitel5 error\kapitel5\main.cpp(104): error C2065: "tempGuess": nichtdeklarierter Bezeichner
c:\users\jorda_000\skydrive\programmieren\c++\buch\kapitel 1 bis 5\kapitel5 error\kapitel5\main.cpp(107): error C2065: "gold": nichtdeklarierter Bezeichner
