  main.cpp
main.cpp(181): warning C4018: "<": Konflikt zwischen "signed" und "unsigned"
C:\Program Files (x86)\Microsoft Visual Studio 14.0\VC\include\xmemory0(655): warning C4244: "Initialisierung": Konvertierung von "double" in "int", möglicher Datenverlust
  C:\Program Files (x86)\Microsoft Visual Studio 14.0\VC\include\xmemory0(773): note: Siehe Verweis auf die Instanziierung der gerade kompilierten Funktions-template "void std::allocator<_Ty>::construct<_Objty,double&>(_Objty *,double &)".
          with
          [
              _Ty=int,
              _Objty=int
          ]
  C:\Program Files (x86)\Microsoft Visual Studio 14.0\VC\include\xmemory0(773): note: Siehe Verweis auf die Instanziierung der gerade kompilierten Funktions-template "void std::allocator<_Ty>::construct<_Objty,double&>(_Objty *,double &)".
          with
          [
              _Ty=int,
              _Objty=int
          ]
  C:\Program Files (x86)\Microsoft Visual Studio 14.0\VC\include\xmemory0(918): note: Siehe Verweis auf die Instanziierung der gerade kompilierten Funktions-template "void std::allocator_traits<_Alloc>::construct<_Ty,double&>(std::allocator<_Ty> &,_Objty *,double &)".
          with
          [
              _Alloc=std::allocator<int>,
              _Ty=int,
              _Objty=int
          ]
  C:\Program Files (x86)\Microsoft Visual Studio 14.0\VC\include\xmemory0(917): note: Siehe Verweis auf die Instanziierung der gerade kompilierten Funktions-template "void std::allocator_traits<_Alloc>::construct<_Ty,double&>(std::allocator<_Ty> &,_Objty *,double &)".
          with
          [
              _Alloc=std::allocator<int>,
              _Ty=int,
              _Objty=int
          ]
  C:\Program Files (x86)\Microsoft Visual Studio 14.0\VC\include\xmemory(379): note: Siehe Verweis auf die Instanziierung der gerade kompilierten Funktions-template "void std::_Wrap_alloc<std::allocator<_Ty>>::construct<int,double&>(_Ty *,double &)".
          with
          [
              _Ty=int
          ]
  C:\Program Files (x86)\Microsoft Visual Studio 14.0\VC\include\xmemory(379): note: Siehe Verweis auf die Instanziierung der gerade kompilierten Funktions-template "void std::_Wrap_alloc<std::allocator<_Ty>>::construct<int,double&>(_Ty *,double &)".
          with
          [
              _Ty=int
          ]
  C:\Program Files (x86)\Microsoft Visual Studio 14.0\VC\include\xmemory(416): note: Siehe Verweis auf die Instanziierung der gerade kompilierten Funktions-template "_FwdIt std::_Uninit_copy<_InIt,_FwdIt,std::allocator<_Ty>>(_InIt,_InIt,_FwdIt,std::_Wrap_alloc<std::allocator<_Ty>> &,std::_Nonscalar_ptr_iterator_tag)".
          with
          [
              _FwdIt=int *,
              _InIt=double *,
              _Ty=int
          ]
  C:\Program Files (x86)\Microsoft Visual Studio 14.0\VC\include\xmemory(427): note: Siehe Verweis auf die Instanziierung der gerade kompilierten Funktions-template "_FwdIt std::_Uninit_copy<double*,_Iter,_Alloc>(_InIt,_InIt,_FwdIt,_Alloc &)".
          with
          [
              _FwdIt=int *,
              _Iter=int *,
              _Alloc=std::_Wrap_alloc<std::allocator<int>>,
              _InIt=double *
          ]
  C:\Program Files (x86)\Microsoft Visual Studio 14.0\VC\include\vector(1672): note: Siehe Verweis auf die Instanziierung der gerade kompilierten Funktions-template "_FwdIt std::_Uninitialized_copy<_Iter,int*,std::_Wrap_alloc<std::allocator<_Ty>>>(_InIt,_InIt,_FwdIt,_Alloc &)".
          with
          [
              _FwdIt=int *,
              _Iter=std::_Vector_iterator<std::_Vector_val<std::_Simple_types<double>>>,
              _Ty=int,
              _InIt=std::_Vector_iterator<std::_Vector_val<std::_Simple_types<double>>>,
              _Alloc=std::_Wrap_alloc<std::allocator<int>>
          ]
  C:\Program Files (x86)\Microsoft Visual Studio 14.0\VC\include\vector(817): note: Siehe Verweis auf die Instanziierung der gerade kompilierten Funktions-template "int *std::vector<int,std::allocator<_Ty>>::_Ucopy<_Iter>(_Iter,_Iter,int *)".
          with
          [
              _Ty=int,
              _Iter=std::_Vector_iterator<std::_Vector_val<std::_Simple_types<double>>>
          ]
  C:\Program Files (x86)\Microsoft Visual Studio 14.0\VC\include\vector(817): note: Siehe Verweis auf die Instanziierung der gerade kompilierten Funktions-template "int *std::vector<int,std::allocator<_Ty>>::_Ucopy<_Iter>(_Iter,_Iter,int *)".
          with
          [
              _Ty=int,
              _Iter=std::_Vector_iterator<std::_Vector_val<std::_Simple_types<double>>>
          ]
  C:\Program Files (x86)\Microsoft Visual Studio 14.0\VC\include\vector(792): note: Siehe Verweis auf die Instanziierung der gerade kompilierten Funktions-template "void std::vector<int,std::allocator<_Ty>>::_Construct<_Iter>(_Iter,_Iter,std::forward_iterator_tag)".
          with
          [
              _Ty=int,
              _Iter=std::_Vector_iterator<std::_Vector_val<std::_Simple_types<double>>>
          ]
  C:\Program Files (x86)\Microsoft Visual Studio 14.0\VC\include\vector(792): note: Siehe Verweis auf die Instanziierung der gerade kompilierten Funktions-template "void std::vector<int,std::allocator<_Ty>>::_Construct<_Iter>(_Iter,_Iter,std::forward_iterator_tag)".
          with
          [
              _Ty=int,
              _Iter=std::_Vector_iterator<std::_Vector_val<std::_Simple_types<double>>>
          ]
  C:\Program Files (x86)\Microsoft Visual Studio 14.0\VC\include\vector(777): note: Siehe Verweis auf die Instanziierung der gerade kompilierten Funktions-template "void std::vector<int,std::allocator<_Ty>>::_Construct<_Iter>(_Iter,_Iter)".
          with
          [
              _Ty=int,
              _Iter=std::_Vector_iterator<std::_Vector_val<std::_Simple_types<double>>>
          ]
  C:\Program Files (x86)\Microsoft Visual Studio 14.0\VC\include\vector(777): note: Siehe Verweis auf die Instanziierung der gerade kompilierten Funktions-template "void std::vector<int,std::allocator<_Ty>>::_Construct<_Iter>(_Iter,_Iter)".
          with
          [
              _Ty=int,
              _Iter=std::_Vector_iterator<std::_Vector_val<std::_Simple_types<double>>>
          ]
  main.cpp(178): note: Siehe Verweis auf die Instanziierung der gerade kompilierten Funktions-template "std::vector<int,std::allocator<_Ty>>::vector<std::_Vector_iterator<std::_Vector_val<std::_Simple_types<double>>>,void>(_Iter,_Iter)".
          with
          [
              _Ty=int,
              _Iter=std::_Vector_iterator<std::_Vector_val<std::_Simple_types<double>>>
          ]
  main.cpp(178): note: Siehe Verweis auf die Instanziierung der gerade kompilierten Funktions-template "std::vector<int,std::allocator<_Ty>>::vector<std::_Vector_iterator<std::_Vector_val<std::_Simple_types<double>>>,void>(_Iter,_Iter)".
          with
          [
              _Ty=int,
              _Iter=std::_Vector_iterator<std::_Vector_val<std::_Simple_types<double>>>
          ]
  Code wird generiert.
  2 of 347 functions ( 0.6%) were compiled, the rest were copied from previous compilation.
    0 functions were new in current compilation
    0 functions had inline decision re-evaluated but remain unchanged
  Codegenerierung ist abgeschlossen.
  Tasks.vcxproj -> D:\Programmieren\Programming_with_cpp\Chapter 21 stl algorithm\Tasks\Release\Tasks.exe
  Tasks.vcxproj -> D:\Programmieren\Programming_with_cpp\Chapter 21 stl algorithm\Tasks\Release\Tasks.pdb (Full PDB)
